<?xml version="1.0" encoding="UTF-8"?>
<!-- Generated by org.testng.reporters.JUnitXMLReporter -->
<testsuite hostname="USER-PC" ignored="0" name="Test" tests="6" failures="0" timestamp="20 Jun 2020 08:35:00 GMT" time="0.253" errors="0">
  <testcase name="IOSApps" time="0.023" classname="qaclickacademy.Mavenjava.AppiumTest"/>
  <testcase name="nativeAppAndroid" time="0.001" classname="qaclickacademy.Mavenjava.AppiumTest"/>
  <testcase name="browserAutomation" time="0.006" classname="qaclickacademy.Mavenjava.SeleniumTest"/>
  <testcase name="elementUi" time="0.001" classname="qaclickacademy.Mavenjava.SeleniumTest"/>
  <testcase name="deleteTwitter" time="0.002" classname="qaclickacademy.Mavenjava.RestAPITest"/>
  <testcase name="postJira" time="0.001" classname="qaclickacademy.Mavenjava.RestAPITest"/>
</testsuite> <!-- Test -->
