<?xml version="1.0" encoding="UTF-8"?>
<!-- Generated by org.testng.reporters.JUnitXMLReporter -->
<testsuite hostname="USER-PC" ignored="0" name="Command line test" tests="6" failures="0" timestamp="21 Jun 2020 06:58:30 GMT" time="0.034" errors="0">
  <testcase name="IOSApps" time="0.007" classname="qaclickacademy.Mavenjava.AppiumTest"/>
  <testcase name="nativeAppAndroid" time="0.001" classname="qaclickacademy.Mavenjava.AppiumTest"/>
  <testcase name="deleteTwitter" time="0.0" classname="qaclickacademy.Mavenjava.RestAPITest"/>
  <testcase name="postJira" time="0.0" classname="qaclickacademy.Mavenjava.RestAPITest"/>
  <testcase name="browserAutomation" time="0.001" classname="qaclickacademy.Mavenjava.SeleniumTest"/>
  <testcase name="elementUi" time="0.0" classname="qaclickacademy.Mavenjava.SeleniumTest"/>
</testsuite> <!-- Command line test -->
