<?xml version="1.0" encoding="UTF-8"?>
<testng-results skipped="0" failed="0" ignored="0" total="4" passed="4">
  <reporter-output>
  </reporter-output>
  <suite name="Suite" duration-ms="32" started-at="2020-06-21T07:15:49Z" finished-at="2020-06-21T07:15:49Z">
    <groups>
    </groups>
    <test name="Test" duration-ms="32" started-at="2020-06-21T07:15:49Z" finished-at="2020-06-21T07:15:49Z">
      <class name="qaclickacademy.Mavenjava.AppiumTest">
        <test-method status="PASS" signature="IOSApps()[pri:0, instance:qaclickacademy.Mavenjava.AppiumTest@843fce]" name="IOSApps" duration-ms="7" started-at="2020-06-21T12:45:49Z" finished-at="2020-06-21T12:45:49Z">
          <reporter-output>
          </reporter-output>
        </test-method> <!-- IOSApps -->
        <test-method status="PASS" signature="nativeAppAndroid()[pri:0, instance:qaclickacademy.Mavenjava.AppiumTest@843fce]" name="nativeAppAndroid" duration-ms="1" started-at="2020-06-21T12:45:49Z" finished-at="2020-06-21T12:45:49Z">
          <reporter-output>
          </reporter-output>
        </test-method> <!-- nativeAppAndroid -->
      </class> <!-- qaclickacademy.Mavenjava.AppiumTest -->
      <class name="qaclickacademy.Mavenjava.SeleniumTest">
        <test-method status="PASS" signature="browserAutomation()[pri:0, instance:qaclickacademy.Mavenjava.SeleniumTest@f67b76]" name="browserAutomation" duration-ms="1" started-at="2020-06-21T12:45:49Z" finished-at="2020-06-21T12:45:49Z">
          <reporter-output>
          </reporter-output>
        </test-method> <!-- browserAutomation -->
        <test-method status="PASS" signature="elementUi()[pri:0, instance:qaclickacademy.Mavenjava.SeleniumTest@f67b76]" name="elementUi" duration-ms="1" started-at="2020-06-21T12:45:49Z" finished-at="2020-06-21T12:45:49Z">
          <reporter-output>
          </reporter-output>
        </test-method> <!-- elementUi -->
      </class> <!-- qaclickacademy.Mavenjava.SeleniumTest -->
    </test> <!-- Test -->
  </suite> <!-- Suite -->
</testng-results>
