<?xml version="1.0" encoding="UTF-8"?>
<testng-results skipped="0" failed="0" ignored="0" total="6" passed="6">
  <reporter-output>
  </reporter-output>
  <suite name="Suite" duration-ms="253" started-at="2020-06-20T08:35:00Z" finished-at="2020-06-20T08:35:00Z">
    <groups>
    </groups>
    <test name="Test" duration-ms="253" started-at="2020-06-20T08:35:00Z" finished-at="2020-06-20T08:35:00Z">
      <class name="qaclickacademy.Mavenjava.RestAPITest">
        <test-method status="PASS" signature="deleteTwitter()[pri:0, instance:qaclickacademy.Mavenjava.RestAPITest@5cb137]" name="deleteTwitter" duration-ms="2" started-at="2020-06-20T14:05:00Z" finished-at="2020-06-20T14:05:00Z">
          <reporter-output>
          </reporter-output>
        </test-method> <!-- deleteTwitter -->
        <test-method status="PASS" signature="postJira()[pri:0, instance:qaclickacademy.Mavenjava.RestAPITest@5cb137]" name="postJira" duration-ms="1" started-at="2020-06-20T14:05:00Z" finished-at="2020-06-20T14:05:00Z">
          <reporter-output>
          </reporter-output>
        </test-method> <!-- postJira -->
      </class> <!-- qaclickacademy.Mavenjava.RestAPITest -->
      <class name="qaclickacademy.Mavenjava.AppiumTest">
        <test-method status="PASS" signature="IOSApps()[pri:0, instance:qaclickacademy.Mavenjava.AppiumTest@3bd550]" name="IOSApps" duration-ms="23" started-at="2020-06-20T14:05:00Z" finished-at="2020-06-20T14:05:00Z">
          <reporter-output>
          </reporter-output>
        </test-method> <!-- IOSApps -->
        <test-method status="PASS" signature="nativeAppAndroid()[pri:0, instance:qaclickacademy.Mavenjava.AppiumTest@3bd550]" name="nativeAppAndroid" duration-ms="1" started-at="2020-06-20T14:05:00Z" finished-at="2020-06-20T14:05:00Z">
          <reporter-output>
          </reporter-output>
        </test-method> <!-- nativeAppAndroid -->
      </class> <!-- qaclickacademy.Mavenjava.AppiumTest -->
      <class name="qaclickacademy.Mavenjava.SeleniumTest">
        <test-method status="PASS" signature="browserAutomation()[pri:0, instance:qaclickacademy.Mavenjava.SeleniumTest@4f787b]" name="browserAutomation" duration-ms="6" started-at="2020-06-20T14:05:00Z" finished-at="2020-06-20T14:05:00Z">
          <reporter-output>
          </reporter-output>
        </test-method> <!-- browserAutomation -->
        <test-method status="PASS" signature="elementUi()[pri:0, instance:qaclickacademy.Mavenjava.SeleniumTest@4f787b]" name="elementUi" duration-ms="1" started-at="2020-06-20T14:05:00Z" finished-at="2020-06-20T14:05:00Z">
          <reporter-output>
          </reporter-output>
        </test-method> <!-- elementUi -->
      </class> <!-- qaclickacademy.Mavenjava.SeleniumTest -->
    </test> <!-- Test -->
  </suite> <!-- Suite -->
</testng-results>
